<?xml version="1.0" encoding="UTF-8"?>
<!-- Generated by org.testng.reporters.JUnitReportReporter -->
<testsuite hostname="DESKTOP-S1LAF8U" failures="0" tests="3" name="PracticeTestNg.DataProviderAnnotation" time="0.031" errors="0" timestamp="2024-04-05T18:00:35 IST" skipped="0">
  <testcase classname="PracticeTestNg.DataProviderAnnotation" name="getDataOfMyTeam" time="0.011"/>
  <system-out/>
  <testcase classname="PracticeTestNg.DataProviderAnnotation" name="getDataOfMyTeam" time="0.015"/>
  <system-out/>
  <testcase classname="PracticeTestNg.DataProviderAnnotation" name="getDataOfMyTeam" time="0.005"/>
  <system-out/>
</testsuite> <!-- PracticeTestNg.DataProviderAnnotation -->
