<?xml version="1.0" encoding="UTF-8"?>
<!-- Generated by org.testng.reporters.JUnitReportReporter -->
<testsuite hostname="DESKTOP-S1LAF8U" failures="0" tests="2" name="PracticeTestNg.UserLoginDataProiderTesting" time="8.107" errors="0" timestamp="2024-04-08T10:25:38 IST" skipped="0">
  <testcase classname="PracticeTestNg.UserLoginDataProiderTesting" name="userLogin" time="3.747"/>
  <system-out/>
  <testcase classname="PracticeTestNg.UserLoginDataProiderTesting" name="userLogin" time="4.360"/>
  <system-out/>
</testsuite> <!-- PracticeTestNg.UserLoginDataProiderTesting -->
