<?xml version="1.0" encoding="UTF-8"?>
<!-- Generated by org.testng.reporters.JUnitReportReporter -->
<testsuite hostname="DESKTOP-S1LAF8U" failures="0" tests="3" name="Customer.PracticeTest" time="0.036" errors="0" timestamp="2024-04-05T16:29:18 IST" skipped="0">
  <testcase classname="Customer.PracticeTest" name="deleteCustomer" time="0.018"/>
  <system-out>
    <![CDATA[Deleting bank cutomer]]>
  </system-out>
  <testcase classname="Customer.PracticeTest" name="createCustomer" time="0.009"/>
  <system-out>
    <![CDATA[Creating bank cutomer]]>
  </system-out>
  <testcase classname="Customer.PracticeTest" name="modifyCustomer" time="0.009"/>
  <system-out>
    <![CDATA[Modifying bank cutomer]]>
  </system-out>
</testsuite> <!-- Customer.PracticeTest -->
