<?xml version="1.0" encoding="UTF-8"?>
<!-- Generated by org.testng.reporters.JUnitReportReporter -->
<testsuite hostname="DESKTOP-S1LAF8U" failures="0" tests="6" name="PracticeTestNg.FetchData" time="0.031" errors="0" timestamp="2024-04-08T12:06:02 IST" skipped="0">
  <testcase classname="PracticeTestNg.FetchData" name="getcustData" time="0.005"/>
  <system-out/>
  <testcase classname="PracticeTestNg.FetchData" name="getcustData" time="0.003"/>
  <system-out/>
  <testcase classname="PracticeTestNg.FetchData" name="getcustData" time="0.006"/>
  <system-out/>
  <testcase classname="PracticeTestNg.FetchData" name="getDataOfMyTeam" time="0.013"/>
  <system-out/>
  <testcase classname="PracticeTestNg.FetchData" name="getDataOfMyTeam" time="0.001"/>
  <system-out/>
  <testcase classname="PracticeTestNg.FetchData" name="getDataOfMyTeam" time="0.003"/>
  <system-out/>
</testsuite> <!-- PracticeTestNg.FetchData -->
