<?xml version="1.0" encoding="UTF-8"?>
<!-- Generated by org.testng.reporters.JUnitReportReporter -->
<testsuite hostname="DESKTOP-S1LAF8U" failures="0" tests="2" name="PracticeTestNg.AnootationTest" time="0.023" errors="0" timestamp="2024-04-08T13:30:17 IST" skipped="0">
  <testcase classname="PracticeTestNg.AnootationTest" name="test2" time="0.007"/>
  <system-out/>
  <testcase classname="PracticeTestNg.AnootationTest" name="test1" time="0.016"/>
  <system-out/>
</testsuite> <!-- PracticeTestNg.AnootationTest -->
