<?xml version="1.0" encoding="UTF-8"?>
<!-- Generated by org.testng.reporters.JUnitReportReporter -->
<testsuite hostname="DESKTOP-S1LAF8U" failures="0" tests="1" name="POMUsingTestScripts.LoginAsUserPOMTest" time="99.373" errors="0" timestamp="2024-04-12T09:57:40 IST" skipped="0">
  <testcase classname="POMUsingTestScripts.LoginAsUserPOMTest" name="loginAsUserInBanking" time="99.373"/>
  <system-out/>
</testsuite> <!-- POMUsingTestScripts.LoginAsUserPOMTest -->
